<?xml version="1.0" encoding="UTF-8"?>
<testsuite xmlns:xsi="http://www.w3.org/2001/XMLSchema-instance" xsi:noNamespaceSchemaLocation="https://maven.apache.org/surefire/maven-surefire-plugin/xsd/surefire-test-report-3.0.xsd" version="3.0" name="com.checkin.integration.AttendanceIntegrationTest" time="13.363" tests="6" errors="0" skipped="0" failures="0">
  <properties>
[...]
</properties>
  <testcase name="should_failSignIn_when_sessionNotOpenOrAlreadyClosed" classname="com.checkin.integration.AttendanceIntegrationTest" time="0.764">
    <system-out><![CDATA[13:58:22.722 [main] DEBUG org.springframework.test.context.BootstrapUtils - Instantiating CacheAwareContextLoaderDelegate from class [org.springframework.test.context.cache.DefaultCacheAwareContextLoaderDelegate]
13:58:22.731 [main] DEBUG org.springframework.test.context.BootstrapUtils - Instantiating BootstrapContext using constructor [public org.springframework.test.context.support.DefaultBootstrapContext(java.lang.Class,org.springframework.test.context.CacheAwareContextLoaderDelegate)]
13:58:22.778 [main] DEBUG org.springframework.test.context.BootstrapUtils - Instantiating TestContextBootstrapper for test class [com.checkin.integration.AttendanceIntegrationTest] from class [org.springframework.boot.test.context.SpringBootTestContextBootstrapper]
13:58:22.796 [main] INFO org.springframework.boot.test.context.SpringBootTestContextBootstrapper - Neither @ContextConfiguration nor @ContextHierarchy found for test class [com.checkin.integration.AttendanceIntegrationTest], using SpringBootContextLoader
13:58:22.796 [main] DEBUG org.springframework.test.context.support.AbstractContextLoader - Did not detect default resource location for test class [com.checkin.integration.AttendanceIntegrationTest]: class path resource [com/checkin/integration/AttendanceIntegrationTest-context.xml] does not exist
13:58:22.796 [main] DEBUG org.springframework.test.context.support.AbstractContextLoader - Did not detect default resource location for test class [com.checkin.integration.AttendanceIntegrationTest]: class path resource [com/checkin/integration/AttendanceIntegrationTestContext.groovy] does not exist
13:58:22.796 [main] INFO org.springframework.test.context.support.AbstractContextLoader - Could not detect default resource locations for test class [com.checkin.integration.AttendanceIntegrationTest]: no resource found for suffixes {-context.xml, Context.groovy}.
13:58:22.800 [main] INFO org.springframework.test.context.support.AnnotationConfigContextLoaderUtils - Could not detect default configuration classes for test class [com.checkin.integration.AttendanceIntegrationTest]: AttendanceIntegrationTest does not declare any static, non-private, non-final, nested classes annotated with @Configuration.
13:58:22.908 [main] DEBUG org.springframework.test.context.support.ActiveProfilesUtils - Could not find an 'annotation declaring class' for annotation type [org.springframework.test.context.ActiveProfiles] and class [com.checkin.integration.AttendanceIntegrationTest]
13:58:23.006 [main] DEBUG org.springframework.context.annotation.ClassPathScanningCandidateComponentProvider - Identified candidate component class: file [D:\work\document\code\model\GSB0507\759\button-checkin\target\classes\com\checkin\CheckinSystemApplication.class]
13:58:23.007 [main] INFO org.springframework.boot.test.context.SpringBootTestContextBootstrapper - Found @SpringBootConfiguration com.checkin.CheckinSystemApplication for test class com.checkin.integration.AttendanceIntegrationTest
13:58:23.124 [main] DEBUG org.springframework.boot.test.context.SpringBootTestContextBootstrapper - @TestExecutionListeners is not present for class [com.checkin.integration.AttendanceIntegrationTest]: using defaults.
13:58:23.124 [main] INFO org.springframework.boot.test.context.SpringBootTestContextBootstrapper - Loaded default TestExecutionListener class names from location [META-INF/spring.factories]: [org.springframework.boot.test.mock.mockito.MockitoTestExecutionListener, org.springframework.boot.test.mock.mockito.ResetMocksTestExecutionListener, org.springframework.boot.test.autoconfigure.restdocs.RestDocsTestExecutionListener, org.springframework.boot.test.autoconfigure.web.client.MockRestServiceServerResetTestExecutionListener, org.springframework.boot.test.autoconfigure.web.servlet.MockMvcPrintOnlyOnFailureTestExecutionListener, org.springframework.boot.test.autoconfigure.web.servlet.WebDriverTestExecutionListener, org.springframework.boot.test.autoconfigure.webservices.client.MockWebServiceServerTestExecutionListener, org.springframework.test.context.web.ServletTestExecutionListener, org.springframework.test.context.support.DirtiesContextBeforeModesTestExecutionListener, org.springframework.test.context.event.ApplicationEventsTestExecutionListener, org.springframework.test.context.support.DependencyInjectionTestExecutionListener, org.springframework.test.context.support.DirtiesContextTestExecutionListener, org.springframework.test.context.transaction.TransactionalTestExecutionListener, org.springframework.test.context.jdbc.SqlScriptsTestExecutionListener, org.springframework.test.context.event.EventPublishingTestExecutionListener]
13:58:23.144 [main] INFO org.springframework.boot.test.context.SpringBootTestContextBootstrapper - Using TestExecutionListeners: [org.springframework.test.context.web.ServletTestExecutionListener@35f26e72, org.springframework.test.context.support.DirtiesContextBeforeModesTestExecutionListener@2d6764b2, org.springframework.test.context.event.ApplicationEventsTestExecutionListener@67304a40, org.springframework.boot.test.mock.mockito.MockitoTestExecutionListener@49c6c24f, org.springframework.boot.test.autoconfigure.SpringBootDependencyInjectionTestExecutionListener@6fe1b4fb, org.springframework.test.context.support.DirtiesContextTestExecutionListener@79351f41, org.springframework.test.context.transaction.TransactionalTestExecutionListener@1c32386d, org.springframework.test.context.jdbc.SqlScriptsTestExecutionListener@6399551e, org.springframework.test.context.event.EventPublishingTestExecutionListener@13d73fa, org.springframework.boot.test.mock.mockito.ResetMocksTestExecutionListener@5023bb8b, org.springframework.boot.test.autoconfigure.restdocs.RestDocsTestExecutionListener@5d5f10b2, org.springframework.boot.test.autoconfigure.web.client.MockRestServiceServerResetTestExecutionListener@74c79fa2, org.springframework.boot.test.autoconfigure.web.servlet.MockMvcPrintOnlyOnFailureTestExecutionListener@1e0f9063, org.springframework.boot.test.autoconfigure.web.servlet.WebDriverTestExecutionListener@53bd8fca, org.springframework.boot.test.autoconfigure.webservices.client.MockWebServiceServerTestExecutionListener@7642df8f]
13:58:23.150 [main] DEBUG org.springframework.test.context.support.AbstractDirtiesContextTestExecutionListener - Before test class: context [DefaultTestContext@49d3c823 testClass = AttendanceIntegrationTest, testInstance = [null], testMethod = [null], testException = [null], mergedContextConfiguration = [WebMergedContextConfiguration@436bc36 testClass = AttendanceIntegrationTest, locations = '{}', classes = '{class com.checkin.CheckinSystemApplication}', contextInitializerClasses = '[]', activeProfiles = '{}', propertySourceLocations = '{}', propertySourceProperties = '{org.springframework.boot.test.context.SpringBootTestContextBootstrapper=true}', contextCustomizers = set[[ImportsContextCustomizer@5fe1ce85 key = [org.springframework.boot.test.autoconfigure.web.servlet.MockMvcWebDriverAutoConfiguration, org.springframework.boot.test.autoconfigure.web.servlet.MockMvcAutoConfiguration, org.springframework.boot.autoconfigure.security.oauth2.client.servlet.OAuth2ClientAutoConfiguration, org.springframework.boot.autoconfigure.security.servlet.SecurityAutoConfiguration, org.springframework.boot.autoconfigure.security.servlet.SecurityFilterAutoConfiguration, org.springframework.boot.autoconfigure.security.servlet.UserDetailsServiceAutoConfiguration, org.springframework.boot.autoconfigure.security.oauth2.resource.servlet.OAuth2ResourceServerAutoConfiguration, org.springframework.boot.test.autoconfigure.web.servlet.MockMvcSecurityConfiguration, org.springframework.boot.test.autoconfigure.web.servlet.MockMvcWebClientAutoConfiguration, org.springframework.boot.test.autoconfigure.web.reactive.WebTestClientAutoConfiguration]], org.springframework.boot.test.context.filter.ExcludeFilterContextCustomizer@6b09fb41, org.springframework.boot.test.json.DuplicateJsonObjectContextCustomizerFactory$DuplicateJsonObjectContextCustomizer@34bde49d, org.springframework.boot.test.mock.mockito.MockitoContextCustomizer@0, org.springframework.boot.test.web.client.TestRestTemplateContextCustomizer@71687585, org.springframework.boot.test.autoconfigure.actuate.metrics.MetricsExportContextCustomizerFactory$DisableMetricExportContextCustomizer@7dfb0c0f, org.springframework.boot.test.autoconfigure.properties.PropertyMappingContextCustomizer@4b3fa0b3, org.springframework.boot.test.autoconfigure.web.servlet.WebDriverContextCustomizerFactory$Customizer@465232e9, org.springframework.boot.test.context.SpringBootTestArgs@1, org.springframework.boot.test.context.SpringBootTestWebEnvironment@6e2c9341], resourceBasePath = 'src/main/webapp', contextLoader = 'org.springframework.boot.test.context.SpringBootContextLoader', parent = [null]], attributes = map['org.springframework.test.context.web.ServletTestExecutionListener.activateListener' -> true]], class annotated with @DirtiesContext [true] with mode [AFTER_EACH_TEST_METHOD].

  .   ____          _            __ _ _
 /\\ / ___'_ __ _ _(_)_ __  __ _ \ \ \ \
( ( )\___ | '_ | '_| | '_ \/ _` | \ \ \ \
 \\/  ___)| |_)| | | | | || (_| |  ) ) ) )
  '  |____| .__|_| |_|_| |_\__, | / / / /
 =========|_|==============|___/=/_/_/_/
 :: Spring Boot ::               (v2.7.18)

2026-05-08 13:58:24.729  INFO 29720 --- [           main] .s.d.r.c.RepositoryConfigurationDelegate : Bootstrapping Spring Data JPA repositories in DEFAULT mode.
2026-05-08 13:58:24.912  INFO 29720 --- [           main] .s.d.r.c.RepositoryConfigurationDelegate : Finished Spring Data repository scanning in 165 ms. Found 6 JPA repository interfaces.
2026-05-08 13:58:26.128  INFO 29720 --- [           main] o.hibernate.jpa.internal.util.LogHelper  : HHH000204: Processing PersistenceUnitInfo [name: default]
2026-05-08 13:58:26.219  INFO 29720 --- [           main] org.hibernate.Version                    : HHH000412: Hibernate ORM core version 5.6.15.Final
2026-05-08 13:58:26.433  INFO 29720 --- [           main] o.hibernate.annotations.common.Version   : HCANN000001: Hibernate Commons Annotations {5.1.2.Final}
2026-05-08 13:58:26.677  INFO 29720 --- [           main] com.zaxxer.hikari.HikariDataSource       : HikariPool-1 - Starting...
2026-05-08 13:58:26.967  INFO 29720 --- [           main] com.zaxxer.hikari.HikariDataSource       : HikariPool-1 - Start completed.
2026-05-08 13:58:26.995  INFO 29720 --- [           main] org.hibernate.dialect.Dialect            : HHH000400: Using dialect: org.hibernate.dialect.H2Dialect
2026-05-08 13:58:27.799  INFO 29720 --- [           main] o.h.e.t.j.p.i.JtaPlatformInitiator       : HHH000490: Using JtaPlatform implementation: [org.hibernate.engine.transaction.jta.platform.internal.NoJtaPlatform]
2026-05-08 13:58:27.807  INFO 29720 --- [           main] j.LocalContainerEntityManagerFactoryBean : Initialized JPA EntityManagerFactory for persistence unit 'default'
2026-05-08 13:58:29.043  WARN 29720 --- [           main] JpaBaseConfiguration$JpaWebConfiguration : spring.jpa.open-in-view is enabled by default. Therefore, database queries may be performed during view rendering. Explicitly configure spring.jpa.open-in-view to disable this warning
2026-05-08 13:58:29.334  INFO 29720 --- [           main] o.s.b.a.w.s.WelcomePageHandlerMapping    : Adding welcome page: class path resource [static/index.html]
2026-05-08 13:58:29.741  INFO 29720 --- [           main] o.s.b.t.m.w.SpringBootMockServletContext : Initializing Spring TestDispatcherServlet ''
2026-05-08 13:58:29.741  INFO 29720 --- [           main] o.s.t.web.servlet.TestDispatcherServlet  : Initializing Servlet ''
2026-05-08 13:58:29.741  INFO 29720 --- [           main] o.s.t.web.servlet.TestDispatcherServlet  : Completed initialization in 0 ms

MockHttpServletRequest:
      HTTP Method = POST
      Request URI = /api/teacher/course/1/sessions/open
       Parameters = {}
          Headers = [Content-Type:"application/json;charset=UTF-8", Content-Length:"2"]
             Body = {}
    Session Attrs = {userType=TEACHER, userId=1}

Handler:
             Type = com.checkin.controller.TeacherController
           Method = com.checkin.controller.TeacherController#openSession(Long, OpenSessionRequest, HttpSession)

Async:
    Async started = false
     Async result = null

Resolved Exception:
             Type = null

ModelAndView:
        View name = null
             View = null
            Model = null

FlashMap:
       Attributes = null

MockHttpServletResponse:
           Status = 200
    Error message = null
          Headers = [Content-Type:"application/json"]
     Content type = application/json
             Body = {"code":0,"message":"操作成功","data":{"id":1,"courseId":1,"startTime":"2026-05-08 13:58:30","endTime":"2026-05-08 14:08:30","status":"OPEN","createdAt":"2026-05-08 13:58:30"}}
    Forwarded URL = null
   Redirected URL = null
          Cookies = []
2026-05-08 13:58:30.511  WARN 29720 --- [           main] c.c.exception.GlobalExceptionHandler     : 业务异常: 签到活动已关闭

MockHttpServletRequest:
      HTTP Method = POST
      Request URI = /api/student/session/1/sign
       Parameters = {}
          Headers = []
             Body = null
    Session Attrs = {userType=STUDENT, userId=1}

Handler:
             Type = com.checkin.controller.StudentController
           Method = com.checkin.controller.StudentController#signIn(Long, HttpSession, HttpServletRequest, HttpServletResponse)

Async:
    Async started = false
     Async result = null

Resolved Exception:
             Type = com.checkin.exception.BusinessException

ModelAndView:
        View name = null
             View = null
            Model = null

FlashMap:
       Attributes = null

MockHttpServletResponse:
           Status = 200
    Error message = null
          Headers = [Set-Cookie:"CHECKIN_DEVICE_ID=127166a6-6ccc-4b87-b1e3-2ef40c8922b5; Path=/; Max-Age=31536000; Expires=Sat, 08 May 2027 05:58:30 GMT; HttpOnly", Content-Type:"application/json"]
     Content type = application/json
             Body = {"code":1,"message":"签到活动已关闭","data":null}
    Forwarded URL = null
   Redirected URL = null
          Cookies = [[Cookie@4ff00844 name = 'CHECKIN_DEVICE_ID', value = '127166a6-6ccc-4b87-b1e3-2ef40c8922b5', comment = [null], domain = [null], maxAge = 31536000, path = '/', secure = false, version = 0, httpOnly = true]]
2026-05-08 13:58:30.530  INFO 29720 --- [           main] j.LocalContainerEntityManagerFactoryBean : Closing JPA EntityManagerFactory for persistence unit 'default'
2026-05-08 13:58:30.531  INFO 29720 --- [           main] .SchemaDropperImpl$DelayedDropActionImpl : HHH000477: Starting delayed evictData of schema as part of SessionFactory shut-down'
2026-05-08 13:58:30.540  INFO 29720 --- [           main] com.zaxxer.hikari.HikariDataSource       : HikariPool-1 - Shutdown initiated...
2026-05-08 13:58:30.545  INFO 29720 --- [           main] com.zaxxer.hikari.HikariDataSource       : HikariPool-1 - Shutdown completed.
]]></system-out>
  </testcase>
  <testcase name="should_blockDuplicateSignIn_when_sameDeviceSameSession" classname="com.checkin.integration.AttendanceIntegrationTest" time="0.096">
    <system-out><![CDATA[
  .   ____          _            __ _ _
 /\\ / ___'_ __ _ _(_)_ __  __ _ \ \ \ \
( ( )\___ | '_ | '_| | '_ \/ _` | \ \ \ \
 \\/  ___)| |_)| | | | | || (_| |  ) ) ) )
  '  |____| .__|_| |_|_| |_\__, | / / / /
 =========|_|==============|___/=/_/_/_/
 :: Spring Boot ::               (v2.7.18)

2026-05-08 13:58:30.782  INFO 29720 --- [           main] .s.d.r.c.RepositoryConfigurationDelegate : Bootstrapping Spring Data JPA repositories in DEFAULT mode.
2026-05-08 13:58:30.808  INFO 29720 --- [           main] .s.d.r.c.RepositoryConfigurationDelegate : Finished Spring Data repository scanning in 24 ms. Found 6 JPA repository interfaces.
2026-05-08 13:58:30.949  INFO 29720 --- [           main] o.hibernate.jpa.internal.util.LogHelper  : HHH000204: Processing PersistenceUnitInfo [name: default]
2026-05-08 13:58:30.954  INFO 29720 --- [           main] com.zaxxer.hikari.HikariDataSource       : HikariPool-2 - Starting...
2026-05-08 13:58:30.954  INFO 29720 --- [           main] com.zaxxer.hikari.HikariDataSource       : HikariPool-2 - Start completed.
2026-05-08 13:58:30.954  INFO 29720 --- [           main] org.hibernate.dialect.Dialect            : HHH000400: Using dialect: org.hibernate.dialect.H2Dialect
2026-05-08 13:58:31.038  INFO 29720 --- [           main] o.h.e.t.j.p.i.JtaPlatformInitiator       : HHH000490: Using JtaPlatform implementation: [org.hibernate.engine.transaction.jta.platform.internal.NoJtaPlatform]
2026-05-08 13:58:31.038  INFO 29720 --- [           main] j.LocalContainerEntityManagerFactoryBean : Initialized JPA EntityManagerFactory for persistence unit 'default'
2026-05-08 13:58:31.333  WARN 29720 --- [           main] JpaBaseConfiguration$JpaWebConfiguration : spring.jpa.open-in-view is enabled by default. Therefore, database queries may be performed during view rendering. Explicitly configure spring.jpa.open-in-view to disable this warning
2026-05-08 13:58:31.423  INFO 29720 --- [           main] o.s.b.a.w.s.WelcomePageHandlerMapping    : Adding welcome page: class path resource [static/index.html]
2026-05-08 13:58:31.648  INFO 29720 --- [           main] o.s.b.t.m.w.SpringBootMockServletContext : Initializing Spring TestDispatcherServlet ''
2026-05-08 13:58:31.648  INFO 29720 --- [           main] o.s.t.web.servlet.TestDispatcherServlet  : Initializing Servlet ''
2026-05-08 13:58:31.649  INFO 29720 --- [           main] o.s.t.web.servlet.TestDispatcherServlet  : Completed initialization in 1 ms

MockHttpServletRequest:
      HTTP Method = POST
      Request URI = /api/teacher/course/1/sessions/open
       Parameters = {}
          Headers = [Content-Type:"application/json;charset=UTF-8", Content-Length:"2"]
             Body = {}
    Session Attrs = {userType=TEACHER, userId=1}

Handler:
             Type = com.checkin.controller.TeacherController
           Method = com.checkin.controller.TeacherController#openSession(Long, OpenSessionRequest, HttpSession)

Async:
    Async started = false
     Async result = null

Resolved Exception:
             Type = null

ModelAndView:
        View name = null
             View = null
            Model = null

FlashMap:
       Attributes = null

MockHttpServletResponse:
           Status = 200
    Error message = null
          Headers = [Content-Type:"application/json"]
     Content type = application/json
             Body = {"code":0,"message":"操作成功","data":{"id":1,"courseId":1,"startTime":"2026-05-08 13:58:31","endTime":"2026-05-08 14:08:31","status":"OPEN","createdAt":"2026-05-08 13:58:31"}}
    Forwarded URL = null
   Redirected URL = null
          Cookies = []
2026-05-08 13:58:31.746  WARN 29720 --- [           main] c.c.exception.GlobalExceptionHandler     : 业务异常: 该设备已被使用签到，请使用其他设备

MockHttpServletRequest:
      HTTP Method = POST
      Request URI = /api/student/session/1/sign
       Parameters = {}
          Headers = [Cookie:"CHECKIN_DEVICE_ID=c9039f4f-a28f-4d0d-b0db-252591a7e7b8"]
             Body = null
    Session Attrs = {userType=STUDENT, userId=2}

Handler:
             Type = com.checkin.controller.StudentController
           Method = com.checkin.controller.StudentController#signIn(Long, HttpSession, HttpServletRequest, HttpServletResponse)

Async:
    Async started = false
     Async result = null

Resolved Exception:
             Type = com.checkin.exception.BusinessException

ModelAndView:
        View name = null
             View = null
            Model = null

FlashMap:
       Attributes = null

MockHttpServletResponse:
           Status = 200
    Error message = null
          Headers = [Content-Type:"application/json"]
     Content type = application/json
             Body = {"code":409,"message":"该设备已被使用签到，请使用其他设备","data":null}
    Forwarded URL = null
   Redirected URL = null
          Cookies = []
2026-05-08 13:58:31.751  INFO 29720 --- [           main] j.LocalContainerEntityManagerFactoryBean : Closing JPA EntityManagerFactory for persistence unit 'default'
2026-05-08 13:58:31.755  INFO 29720 --- [           main] .SchemaDropperImpl$DelayedDropActionImpl : HHH000477: Starting delayed evictData of schema as part of SessionFactory shut-down'
2026-05-08 13:58:31.757  INFO 29720 --- [           main] com.zaxxer.hikari.HikariDataSource       : HikariPool-2 - Shutdown initiated...
2026-05-08 13:58:31.757  INFO 29720 --- [           main] com.zaxxer.hikari.HikariDataSource       : HikariPool-2 - Shutdown completed.
]]></system-out>
  </testcase>
  <testcase name="should_rejectClose_when_teacherClosesAnotherTeachersSession" classname="com.checkin.integration.AttendanceIntegrationTest" time="0.064">
    <system-out><![CDATA[
  .   ____          _            __ _ _
 /\\ / ___'_ __ _ _(_)_ __  __ _ \ \ \ \
( ( )\___ | '_ | '_| | '_ \/ _` | \ \ \ \
 \\/  ___)| |_)| | | | | || (_| |  ) ) ) )
  '  |____| .__|_| |_|_| |_\__, | / / / /
 =========|_|==============|___/=/_/_/_/
 :: Spring Boot ::               (v2.7.18)

2026-05-08 13:58:31.972  INFO 29720 --- [           main] .s.d.r.c.RepositoryConfigurationDelegate : Bootstrapping Spring Data JPA repositories in DEFAULT mode.
2026-05-08 13:58:31.996  INFO 29720 --- [           main] .s.d.r.c.RepositoryConfigurationDelegate : Finished Spring Data repository scanning in 22 ms. Found 6 JPA repository interfaces.
2026-05-08 13:58:32.131  INFO 29720 --- [           main] o.hibernate.jpa.internal.util.LogHelper  : HHH000204: Processing PersistenceUnitInfo [name: default]
2026-05-08 13:58:32.134  INFO 29720 --- [           main] com.zaxxer.hikari.HikariDataSource       : HikariPool-3 - Starting...
2026-05-08 13:58:32.134  INFO 29720 --- [           main] com.zaxxer.hikari.HikariDataSource       : HikariPool-3 - Start completed.
2026-05-08 13:58:32.134  INFO 29720 --- [           main] org.hibernate.dialect.Dialect            : HHH000400: Using dialect: org.hibernate.dialect.H2Dialect
2026-05-08 13:58:32.206  INFO 29720 --- [           main] o.h.e.t.j.p.i.JtaPlatformInitiator       : HHH000490: Using JtaPlatform implementation: [org.hibernate.engine.transaction.jta.platform.internal.NoJtaPlatform]
2026-05-08 13:58:32.206  INFO 29720 --- [           main] j.LocalContainerEntityManagerFactoryBean : Initialized JPA EntityManagerFactory for persistence unit 'default'
2026-05-08 13:58:32.606  WARN 29720 --- [           main] JpaBaseConfiguration$JpaWebConfiguration : spring.jpa.open-in-view is enabled by default. Therefore, database queries may be performed during view rendering. Explicitly configure spring.jpa.open-in-view to disable this warning
2026-05-08 13:58:32.701  INFO 29720 --- [           main] o.s.b.a.w.s.WelcomePageHandlerMapping    : Adding welcome page: class path resource [static/index.html]
2026-05-08 13:58:32.916  INFO 29720 --- [           main] o.s.b.t.m.w.SpringBootMockServletContext : Initializing Spring TestDispatcherServlet ''
2026-05-08 13:58:32.918  INFO 29720 --- [           main] o.s.t.web.servlet.TestDispatcherServlet  : Initializing Servlet ''
2026-05-08 13:58:32.918  INFO 29720 --- [           main] o.s.t.web.servlet.TestDispatcherServlet  : Completed initialization in 0 ms

MockHttpServletRequest:
      HTTP Method = POST
      Request URI = /api/teacher/course/1/sessions/open
       Parameters = {}
          Headers = [Content-Type:"application/json;charset=UTF-8", Content-Length:"2"]
             Body = {}
    Session Attrs = {userType=TEACHER, userId=1}

Handler:
             Type = com.checkin.controller.TeacherController
           Method = com.checkin.controller.TeacherController#openSession(Long, OpenSessionRequest, HttpSession)

Async:
    Async started = false
     Async result = null

Resolved Exception:
             Type = null

ModelAndView:
        View name = null
             View = null
            Model = null

FlashMap:
       Attributes = null

MockHttpServletResponse:
           Status = 200
    Error message = null
          Headers = [Content-Type:"application/json"]
     Content type = application/json
             Body = {"code":0,"message":"操作成功","data":{"id":1,"courseId":1,"startTime":"2026-05-08 13:58:32","endTime":"2026-05-08 14:08:32","status":"OPEN","createdAt":"2026-05-08 13:58:32"}}
    Forwarded URL = null
   Redirected URL = null
          Cookies = []
2026-05-08 13:58:32.981  WARN 29720 --- [           main] c.c.exception.GlobalExceptionHandler     : 业务异常: 无权限操作此签到活动

MockHttpServletRequest:
      HTTP Method = POST
      Request URI = /api/teacher/sessions/1/close
       Parameters = {}
          Headers = []
             Body = null
    Session Attrs = {userType=TEACHER, userId=2}

Handler:
             Type = com.checkin.controller.TeacherController
           Method = com.checkin.controller.TeacherController#closeSession(Long, HttpSession)

Async:
    Async started = false
     Async result = null

Resolved Exception:
             Type = com.checkin.exception.BusinessException

ModelAndView:
        View name = null
             View = null
            Model = null

FlashMap:
       Attributes = null

MockHttpServletResponse:
           Status = 200
    Error message = null
          Headers = [Content-Type:"application/json"]
     Content type = application/json
             Body = {"code":403,"message":"无权限操作此签到活动","data":null}
    Forwarded URL = null
   Redirected URL = null
          Cookies = []
2026-05-08 13:58:32.986  INFO 29720 --- [           main] j.LocalContainerEntityManagerFactoryBean : Closing JPA EntityManagerFactory for persistence unit 'default'
2026-05-08 13:58:32.986  INFO 29720 --- [           main] .SchemaDropperImpl$DelayedDropActionImpl : HHH000477: Starting delayed evictData of schema as part of SessionFactory shut-down'
2026-05-08 13:58:32.989  INFO 29720 --- [           main] com.zaxxer.hikari.HikariDataSource       : HikariPool-3 - Shutdown initiated...
2026-05-08 13:58:32.991  INFO 29720 --- [           main] com.zaxxer.hikari.HikariDataSource       : HikariPool-3 - Shutdown completed.
]]></system-out>
  </testcase>
  <testcase name="should_rejectSignIn_when_clientIpIsFromDifferentSubnet" classname="com.checkin.integration.AttendanceIntegrationTest" time="0.131">
    <system-out><![CDATA[
  .   ____          _            __ _ _
 /\\ / ___'_ __ _ _(_)_ __  __ _ \ \ \ \
( ( )\___ | '_ | '_| | '_ \/ _` | \ \ \ \
 \\/  ___)| |_)| | | | | || (_| |  ) ) ) )
  '  |____| .__|_| |_|_| |_\__, | / / / /
 =========|_|==============|___/=/_/_/_/
 :: Spring Boot ::               (v2.7.18)

2026-05-08 13:58:33.184  INFO 29720 --- [           main] .s.d.r.c.RepositoryConfigurationDelegate : Bootstrapping Spring Data JPA repositories in DEFAULT mode.
2026-05-08 13:58:33.206  INFO 29720 --- [           main] .s.d.r.c.RepositoryConfigurationDelegate : Finished Spring Data repository scanning in 21 ms. Found 6 JPA repository interfaces.
2026-05-08 13:58:33.331  INFO 29720 --- [           main] o.hibernate.jpa.internal.util.LogHelper  : HHH000204: Processing PersistenceUnitInfo [name: default]
2026-05-08 13:58:33.336  INFO 29720 --- [           main] com.zaxxer.hikari.HikariDataSource       : HikariPool-4 - Starting...
2026-05-08 13:58:33.337  INFO 29720 --- [           main] com.zaxxer.hikari.HikariDataSource       : HikariPool-4 - Start completed.
2026-05-08 13:58:33.337  INFO 29720 --- [           main] org.hibernate.dialect.Dialect            : HHH000400: Using dialect: org.hibernate.dialect.H2Dialect
2026-05-08 13:58:33.405  INFO 29720 --- [           main] o.h.e.t.j.p.i.JtaPlatformInitiator       : HHH000490: Using JtaPlatform implementation: [org.hibernate.engine.transaction.jta.platform.internal.NoJtaPlatform]
2026-05-08 13:58:33.405  INFO 29720 --- [           main] j.LocalContainerEntityManagerFactoryBean : Initialized JPA EntityManagerFactory for persistence unit 'default'
2026-05-08 13:58:33.644  WARN 29720 --- [           main] JpaBaseConfiguration$JpaWebConfiguration : spring.jpa.open-in-view is enabled by default. Therefore, database queries may be performed during view rendering. Explicitly configure spring.jpa.open-in-view to disable this warning
2026-05-08 13:58:33.709  INFO 29720 --- [           main] o.s.b.a.w.s.WelcomePageHandlerMapping    : Adding welcome page: class path resource [static/index.html]
2026-05-08 13:58:33.987  INFO 29720 --- [           main] o.s.b.t.m.w.SpringBootMockServletContext : Initializing Spring TestDispatcherServlet ''
2026-05-08 13:58:33.987  INFO 29720 --- [           main] o.s.t.web.servlet.TestDispatcherServlet  : Initializing Servlet ''
2026-05-08 13:58:33.988  INFO 29720 --- [           main] o.s.t.web.servlet.TestDispatcherServlet  : Completed initialization in 1 ms

MockHttpServletRequest:
      HTTP Method = POST
      Request URI = /api/teacher/course/1/sessions/open
       Parameters = {}
          Headers = [Content-Type:"application/json;charset=UTF-8", Content-Length:"2"]
             Body = {}
    Session Attrs = {userType=TEACHER, userId=1}

Handler:
             Type = com.checkin.controller.TeacherController
           Method = com.checkin.controller.TeacherController#openSession(Long, OpenSessionRequest, HttpSession)

Async:
    Async started = false
     Async result = null

Resolved Exception:
             Type = null

ModelAndView:
        View name = null
             View = null
            Model = null

FlashMap:
       Attributes = null

MockHttpServletResponse:
           Status = 200
    Error message = null
          Headers = [Content-Type:"application/json"]
     Content type = application/json
             Body = {"code":0,"message":"操作成功","data":{"id":1,"courseId":1,"startTime":"2026-05-08 13:58:34","endTime":"2026-05-08 14:08:34","status":"OPEN","createdAt":"2026-05-08 13:58:34"}}
    Forwarded URL = null
   Redirected URL = null
          Cookies = []
2026-05-08 13:58:34.073  WARN 29720 --- [           main] com.checkin.service.AttendanceService    : 非局域网访问: clientIp=10.0.0.1, serverIp=192.168.1.100
2026-05-08 13:58:34.076  WARN 29720 --- [           main] c.c.exception.GlobalExceptionHandler     : 业务异常: 非局域网访问，禁止签到

MockHttpServletRequest:
      HTTP Method = POST
      Request URI = /api/student/session/1/sign
       Parameters = {}
          Headers = []
             Body = null
    Session Attrs = {userType=STUDENT, userId=1}

Handler:
             Type = com.checkin.controller.StudentController
           Method = com.checkin.controller.StudentController#signIn(Long, HttpSession, HttpServletRequest, HttpServletResponse)

Async:
    Async started = false
     Async result = null

Resolved Exception:
             Type = com.checkin.exception.BusinessException

ModelAndView:
        View name = null
             View = null
            Model = null

FlashMap:
       Attributes = null

MockHttpServletResponse:
           Status = 200
    Error message = null
          Headers = [Set-Cookie:"CHECKIN_DEVICE_ID=13ffa277-6e77-4022-8be4-e7be1a499520; Path=/; Max-Age=31536000; Expires=Sat, 08 May 2027 05:58:34 GMT; HttpOnly", Content-Type:"application/json"]
     Content type = application/json
             Body = {"code":403,"message":"非局域网访问，禁止签到","data":null}
    Forwarded URL = null
   Redirected URL = null
          Cookies = [[Cookie@2b3cbc2c name = 'CHECKIN_DEVICE_ID', value = '13ffa277-6e77-4022-8be4-e7be1a499520', comment = [null], domain = [null], maxAge = 31536000, path = '/', secure = false, version = 0, httpOnly = true]]
2026-05-08 13:58:34.130  INFO 29720 --- [           main] j.LocalContainerEntityManagerFactoryBean : Closing JPA EntityManagerFactory for persistence unit 'default'
2026-05-08 13:58:34.130  INFO 29720 --- [           main] .SchemaDropperImpl$DelayedDropActionImpl : HHH000477: Starting delayed evictData of schema as part of SessionFactory shut-down'
2026-05-08 13:58:34.133  INFO 29720 --- [           main] com.zaxxer.hikari.HikariDataSource       : HikariPool-4 - Shutdown initiated...
2026-05-08 13:58:34.133  INFO 29720 --- [           main] com.zaxxer.hikari.HikariDataSource       : HikariPool-4 - Shutdown completed.
]]></system-out>
  </testcase>
  <testcase name="should_blockDuplicateSignIn_when_sameStudentSignsAgain" classname="com.checkin.integration.AttendanceIntegrationTest" time="0.054">
    <system-out><![CDATA[
  .   ____          _            __ _ _
 /\\ / ___'_ __ _ _(_)_ __  __ _ \ \ \ \
( ( )\___ | '_ | '_| | '_ \/ _` | \ \ \ \
 \\/  ___)| |_)| | | | | || (_| |  ) ) ) )
  '  |____| .__|_| |_|_| |_\__, | / / / /
 =========|_|==============|___/=/_/_/_/
 :: Spring Boot ::               (v2.7.18)

2026-05-08 13:58:34.360  INFO 29720 --- [           main] .s.d.r.c.RepositoryConfigurationDelegate : Bootstrapping Spring Data JPA repositories in DEFAULT mode.
2026-05-08 13:58:34.387  INFO 29720 --- [           main] .s.d.r.c.RepositoryConfigurationDelegate : Finished Spring Data repository scanning in 27 ms. Found 6 JPA repository interfaces.
2026-05-08 13:58:34.495  INFO 29720 --- [           main] o.hibernate.jpa.internal.util.LogHelper  : HHH000204: Processing PersistenceUnitInfo [name: default]
2026-05-08 13:58:34.500  INFO 29720 --- [           main] com.zaxxer.hikari.HikariDataSource       : HikariPool-5 - Starting...
2026-05-08 13:58:34.500  INFO 29720 --- [           main] com.zaxxer.hikari.HikariDataSource       : HikariPool-5 - Start completed.
2026-05-08 13:58:34.500  INFO 29720 --- [           main] org.hibernate.dialect.Dialect            : HHH000400: Using dialect: org.hibernate.dialect.H2Dialect
2026-05-08 13:58:34.560  INFO 29720 --- [           main] o.h.e.t.j.p.i.JtaPlatformInitiator       : HHH000490: Using JtaPlatform implementation: [org.hibernate.engine.transaction.jta.platform.internal.NoJtaPlatform]
2026-05-08 13:58:34.560  INFO 29720 --- [           main] j.LocalContainerEntityManagerFactoryBean : Initialized JPA EntityManagerFactory for persistence unit 'default'
2026-05-08 13:58:34.778  WARN 29720 --- [           main] JpaBaseConfiguration$JpaWebConfiguration : spring.jpa.open-in-view is enabled by default. Therefore, database queries may be performed during view rendering. Explicitly configure spring.jpa.open-in-view to disable this warning
2026-05-08 13:58:34.845  INFO 29720 --- [           main] o.s.b.a.w.s.WelcomePageHandlerMapping    : Adding welcome page: class path resource [static/index.html]
2026-05-08 13:58:35.036  INFO 29720 --- [           main] o.s.b.t.m.w.SpringBootMockServletContext : Initializing Spring TestDispatcherServlet ''
2026-05-08 13:58:35.036  INFO 29720 --- [           main] o.s.t.web.servlet.TestDispatcherServlet  : Initializing Servlet ''
2026-05-08 13:58:35.038  INFO 29720 --- [           main] o.s.t.web.servlet.TestDispatcherServlet  : Completed initialization in 2 ms

MockHttpServletRequest:
      HTTP Method = POST
      Request URI = /api/teacher/course/1/sessions/open
       Parameters = {}
          Headers = [Content-Type:"application/json;charset=UTF-8", Content-Length:"2"]
             Body = {}
    Session Attrs = {userType=TEACHER, userId=1}

Handler:
             Type = com.checkin.controller.TeacherController
           Method = com.checkin.controller.TeacherController#openSession(Long, OpenSessionRequest, HttpSession)

Async:
    Async started = false
     Async result = null

Resolved Exception:
             Type = null

ModelAndView:
        View name = null
             View = null
            Model = null

FlashMap:
       Attributes = null

MockHttpServletResponse:
           Status = 200
    Error message = null
          Headers = [Content-Type:"application/json"]
     Content type = application/json
             Body = {"code":0,"message":"操作成功","data":{"id":1,"courseId":1,"startTime":"2026-05-08 13:58:35","endTime":"2026-05-08 14:08:35","status":"OPEN","createdAt":"2026-05-08 13:58:35"}}
    Forwarded URL = null
   Redirected URL = null
          Cookies = []
2026-05-08 13:58:35.091  WARN 29720 --- [           main] c.c.exception.GlobalExceptionHandler     : 业务异常: 您已签到，请勿重复签到

MockHttpServletRequest:
      HTTP Method = POST
      Request URI = /api/student/session/1/sign
       Parameters = {}
          Headers = []
             Body = null
    Session Attrs = {userType=STUDENT, userId=1}

Handler:
             Type = com.checkin.controller.StudentController
           Method = com.checkin.controller.StudentController#signIn(Long, HttpSession, HttpServletRequest, HttpServletResponse)

Async:
    Async started = false
     Async result = null

Resolved Exception:
             Type = com.checkin.exception.BusinessException

ModelAndView:
        View name = null
             View = null
            Model = null

FlashMap:
       Attributes = null

MockHttpServletResponse:
           Status = 200
    Error message = null
          Headers = [Set-Cookie:"CHECKIN_DEVICE_ID=8a5785e2-33d1-4bc3-8519-89fe05f1d1c2; Path=/; Max-Age=31536000; Expires=Sat, 08 May 2027 05:58:35 GMT; HttpOnly", Content-Type:"application/json"]
     Content type = application/json
             Body = {"code":409,"message":"您已签到，请勿重复签到","data":null}
    Forwarded URL = null
   Redirected URL = null
          Cookies = [[Cookie@5bf9bb2 name = 'CHECKIN_DEVICE_ID', value = '8a5785e2-33d1-4bc3-8519-89fe05f1d1c2', comment = [null], domain = [null], maxAge = 31536000, path = '/', secure = false, version = 0, httpOnly = true]]
2026-05-08 13:58:35.096  INFO 29720 --- [           main] j.LocalContainerEntityManagerFactoryBean : Closing JPA EntityManagerFactory for persistence unit 'default'
2026-05-08 13:58:35.096  INFO 29720 --- [           main] .SchemaDropperImpl$DelayedDropActionImpl : HHH000477: Starting delayed evictData of schema as part of SessionFactory shut-down'
2026-05-08 13:58:35.099  INFO 29720 --- [           main] com.zaxxer.hikari.HikariDataSource       : HikariPool-5 - Shutdown initiated...
2026-05-08 13:58:35.100  INFO 29720 --- [           main] com.zaxxer.hikari.HikariDataSource       : HikariPool-5 - Shutdown completed.
]]></system-out>
  </testcase>
  <testcase name="should_signInSuccessfully_when_clientIpIsInTheSameSubnet" classname="com.checkin.integration.AttendanceIntegrationTest" time="0.059">
    <system-out><![CDATA[
  .   ____          _            __ _ _
 /\\ / ___'_ __ _ _(_)_ __  __ _ \ \ \ \
( ( )\___ | '_ | '_| | '_ \/ _` | \ \ \ \
 \\/  ___)| |_)| | | | | || (_| |  ) ) ) )
  '  |____| .__|_| |_|_| |_\__, | / / / /
 =========|_|==============|___/=/_/_/_/
 :: Spring Boot ::               (v2.7.18)

2026-05-08 13:58:35.269  INFO 29720 --- [           main] .s.d.r.c.RepositoryConfigurationDelegate : Bootstrapping Spring Data JPA repositories in DEFAULT mode.
2026-05-08 13:58:35.291  INFO 29720 --- [           main] .s.d.r.c.RepositoryConfigurationDelegate : Finished Spring Data repository scanning in 21 ms. Found 6 JPA repository interfaces.
2026-05-08 13:58:35.416  INFO 29720 --- [           main] o.hibernate.jpa.internal.util.LogHelper  : HHH000204: Processing PersistenceUnitInfo [name: default]
2026-05-08 13:58:35.422  INFO 29720 --- [           main] com.zaxxer.hikari.HikariDataSource       : HikariPool-6 - Starting...
2026-05-08 13:58:35.422  INFO 29720 --- [           main] com.zaxxer.hikari.HikariDataSource       : HikariPool-6 - Start completed.
2026-05-08 13:58:35.422  INFO 29720 --- [           main] org.hibernate.dialect.Dialect            : HHH000400: Using dialect: org.hibernate.dialect.H2Dialect
2026-05-08 13:58:35.478  INFO 29720 --- [           main] o.h.e.t.j.p.i.JtaPlatformInitiator       : HHH000490: Using JtaPlatform implementation: [org.hibernate.engine.transaction.jta.platform.internal.NoJtaPlatform]
2026-05-08 13:58:35.478  INFO 29720 --- [           main] j.LocalContainerEntityManagerFactoryBean : Initialized JPA EntityManagerFactory for persistence unit 'default'
2026-05-08 13:58:35.707  WARN 29720 --- [           main] JpaBaseConfiguration$JpaWebConfiguration : spring.jpa.open-in-view is enabled by default. Therefore, database queries may be performed during view rendering. Explicitly configure spring.jpa.open-in-view to disable this warning
2026-05-08 13:58:35.769  INFO 29720 --- [           main] o.s.b.a.w.s.WelcomePageHandlerMapping    : Adding welcome page: class path resource [static/index.html]
2026-05-08 13:58:35.931  INFO 29720 --- [           main] o.s.b.t.m.w.SpringBootMockServletContext : Initializing Spring TestDispatcherServlet ''
2026-05-08 13:58:35.931  INFO 29720 --- [           main] o.s.t.web.servlet.TestDispatcherServlet  : Initializing Servlet ''
2026-05-08 13:58:35.931  INFO 29720 --- [           main] o.s.t.web.servlet.TestDispatcherServlet  : Completed initialization in 0 ms

MockHttpServletRequest:
      HTTP Method = POST
      Request URI = /api/teacher/course/1/sessions/open
       Parameters = {}
          Headers = [Content-Type:"application/json;charset=UTF-8", Content-Length:"2"]
             Body = {}
    Session Attrs = {userType=TEACHER, userId=1}

Handler:
             Type = com.checkin.controller.TeacherController
           Method = com.checkin.controller.TeacherController#openSession(Long, OpenSessionRequest, HttpSession)

Async:
    Async started = false
     Async result = null

Resolved Exception:
             Type = null

ModelAndView:
        View name = null
             View = null
            Model = null

FlashMap:
       Attributes = null

MockHttpServletResponse:
           Status = 200
    Error message = null
          Headers = [Content-Type:"application/json"]
     Content type = application/json
             Body = {"code":0,"message":"操作成功","data":{"id":1,"courseId":1,"startTime":"2026-05-08 13:58:35","endTime":"2026-05-08 14:08:35","status":"OPEN","createdAt":"2026-05-08 13:58:35"}}
    Forwarded URL = null
   Redirected URL = null
          Cookies = []

MockHttpServletRequest:
      HTTP Method = POST
      Request URI = /api/student/session/1/sign
       Parameters = {}
          Headers = []
             Body = null
    Session Attrs = {userType=STUDENT, userId=1}

Handler:
             Type = com.checkin.controller.StudentController
           Method = com.checkin.controller.StudentController#signIn(Long, HttpSession, HttpServletRequest, HttpServletResponse)

Async:
    Async started = false
     Async result = null

Resolved Exception:
             Type = null

ModelAndView:
        View name = null
             View = null
            Model = null

FlashMap:
       Attributes = null

MockHttpServletResponse:
           Status = 200
    Error message = null
          Headers = [Set-Cookie:"CHECKIN_DEVICE_ID=90add760-927c-4faf-bfba-f711751a2694; Path=/; Max-Age=31536000; Expires=Sat, 08 May 2027 05:58:35 GMT; HttpOnly", Content-Type:"application/json"]
     Content type = application/json
             Body = {"code":0,"message":"操作成功","data":{"record":{"id":1,"sessionId":1,"courseId":1,"studentId":1,"signTime":"2026-05-08 13:58:35","clientIp":"192.168.1.50","clientDeviceId":"90add760-927c-4faf-bfba-f711751a2694","geoLat":30.274225,"geoLng":120.154447},"message":"签到成功"}}
    Forwarded URL = null
   Redirected URL = null
          Cookies = [[Cookie@7a970f name = 'CHECKIN_DEVICE_ID', value = '90add760-927c-4faf-bfba-f711751a2694', comment = [null], domain = [null], maxAge = 31536000, path = '/', secure = false, version = 0, httpOnly = true]]
2026-05-08 13:58:35.998  INFO 29720 --- [           main] j.LocalContainerEntityManagerFactoryBean : Closing JPA EntityManagerFactory for persistence unit 'default'
2026-05-08 13:58:35.998  INFO 29720 --- [           main] .SchemaDropperImpl$DelayedDropActionImpl : HHH000477: Starting delayed evictData of schema as part of SessionFactory shut-down'
2026-05-08 13:58:36.001  INFO 29720 --- [           main] com.zaxxer.hikari.HikariDataSource       : HikariPool-6 - Shutdown initiated...
2026-05-08 13:58:36.002  INFO 29720 --- [           main] com.zaxxer.hikari.HikariDataSource       : HikariPool-6 - Shutdown completed.
]]></system-out>
  </testcase>
</testsuite>